<?xml version="1.0" encoding="UTF-8" ?>
<testsuite tests="22" failures="1" name="TestSuite" time="9.554" errors="0" skipped="21">
  <properties>
    <property name="java.runtime.name" value="Java(TM) SE Runtime Environment"/>
    <property name="sun.boot.library.path" value="/Library/Java/JavaVirtualMachines/jdk1.8.0_251.jdk/Contents/Home/jre/lib"/>
    <property name="java.vm.version" value="25.251-b08"/>
    <property name="gopherProxySet" value="false"/>
    <property name="java.vm.vendor" value="Oracle Corporation"/>
    <property name="maven.multiModuleProjectDirectory" value="/Users/sebahattingokaydin/Documents/workspace/HubSpot_POM"/>
    <property name="java.vendor.url" value="http://java.oracle.com/"/>
    <property name="path.separator" value=":"/>
    <property name="guice.disable.misplaced.annotation.check" value="true"/>
    <property name="java.vm.name" value="Java HotSpot(TM) 64-Bit Server VM"/>
    <property name="file.encoding.pkg" value="sun.io"/>
    <property name="env" value="qa"/>
    <property name="user.country" value="US"/>
    <property name="sun.java.launcher" value="SUN_STANDARD"/>
    <property name="sun.os.patch.level" value="unknown"/>
    <property name="java.vm.specification.name" value="Java Virtual Machine Specification"/>
    <property name="user.dir" value="/Users/sebahattingokaydin/Documents/workspace/HubSpot_POM"/>
    <property name="java.runtime.version" value="1.8.0_251-b08"/>
    <property name="java.awt.graphicsenv" value="sun.awt.CGraphicsEnvironment"/>
    <property name="java.endorsed.dirs" value="/Library/Java/JavaVirtualMachines/jdk1.8.0_251.jdk/Contents/Home/jre/lib/endorsed"/>
    <property name="os.arch" value="x86_64"/>
    <property name="java.io.tmpdir" value="/var/folders/j_/yybr678x76lbfnzqq0szqllw0000gn/T/"/>
    <property name="line.separator" value="
"/>
    <property name="java.vm.specification.vendor" value="Oracle Corporation"/>
    <property name="os.name" value="Mac OS X"/>
    <property name="classworlds.conf" value="/usr/local/Cellar/maven/3.6.3_1/libexec/bin/m2.conf"/>
    <property name="sun.jnu.encoding" value="UTF-8"/>
    <property name="java.library.path" value="/Users/sebahattingokaydin/Library/Java/Extensions:/Library/Java/Extensions:/Network/Library/Java/Extensions:/System/Library/Java/Extensions:/usr/lib/java:."/>
    <property name="maven.conf" value="/usr/local/Cellar/maven/3.6.3_1/libexec/conf"/>
    <property name="java.specification.name" value="Java Platform API Specification"/>
    <property name="java.class.version" value="52.0"/>
    <property name="sun.management.compiler" value="HotSpot 64-Bit Tiered Compilers"/>
    <property name="os.version" value="10.15.5"/>
    <property name="library.jansi.path" value="/usr/local/Cellar/maven/3.6.3_1/libexec/lib/jansi-native"/>
    <property name="http.nonProxyHosts" value="local|*.local|169.254/16|*.169.254/16"/>
    <property name="user.home" value="/Users/sebahattingokaydin"/>
    <property name="user.timezone" value="America/Chicago"/>
    <property name="java.awt.printerjob" value="sun.lwawt.macosx.CPrinterJob"/>
    <property name="java.specification.version" value="1.8"/>
    <property name="file.encoding" value="UTF-8"/>
    <property name="user.name" value="sebahattingokaydin"/>
    <property name="java.class.path" value="/usr/local/Cellar/maven/3.6.3_1/libexec/boot/plexus-classworlds-2.6.0.jar"/>
    <property name="java.vm.specification.version" value="1.8"/>
    <property name="sun.arch.data.model" value="64"/>
    <property name="java.home" value="/Library/Java/JavaVirtualMachines/jdk1.8.0_251.jdk/Contents/Home/jre"/>
    <property name="sun.java.command" value="org.codehaus.plexus.classworlds.launcher.Launcher install -Denv=qa"/>
    <property name="java.specification.vendor" value="Oracle Corporation"/>
    <property name="user.language" value="en"/>
    <property name="awt.toolkit" value="sun.lwawt.macosx.LWCToolkit"/>
    <property name="java.vm.info" value="mixed mode"/>
    <property name="java.version" value="1.8.0_251"/>
    <property name="java.ext.dirs" value="/Users/sebahattingokaydin/Library/Java/Extensions:/Library/Java/JavaVirtualMachines/jdk1.8.0_251.jdk/Contents/Home/jre/lib/ext:/Library/Java/Extensions:/Network/Library/Java/Extensions:/System/Library/Java/Extensions:/usr/lib/java"/>
    <property name="sun.boot.class.path" value="/Library/Java/JavaVirtualMachines/jdk1.8.0_251.jdk/Contents/Home/jre/lib/resources.jar:/Library/Java/JavaVirtualMachines/jdk1.8.0_251.jdk/Contents/Home/jre/lib/rt.jar:/Library/Java/JavaVirtualMachines/jdk1.8.0_251.jdk/Contents/Home/jre/lib/sunrsasign.jar:/Library/Java/JavaVirtualMachines/jdk1.8.0_251.jdk/Contents/Home/jre/lib/jsse.jar:/Library/Java/JavaVirtualMachines/jdk1.8.0_251.jdk/Contents/Home/jre/lib/jce.jar:/Library/Java/JavaVirtualMachines/jdk1.8.0_251.jdk/Contents/Home/jre/lib/charsets.jar:/Library/Java/JavaVirtualMachines/jdk1.8.0_251.jdk/Contents/Home/jre/lib/jfr.jar:/Library/Java/JavaVirtualMachines/jdk1.8.0_251.jdk/Contents/Home/jre/classes"/>
    <property name="java.vendor" value="Oracle Corporation"/>
    <property name="maven.home" value="/usr/local/Cellar/maven/3.6.3_1/libexec"/>
    <property name="file.separator" value="/"/>
    <property name="java.vendor.url.bug" value="http://bugreport.sun.com/bugreport/"/>
    <property name="sun.cpu.endian" value="little"/>
    <property name="sun.io.unicode.encoding" value="UnicodeBig"/>
    <property name="socksNonProxyHosts" value="local|*.local|169.254/16|*.169.254/16"/>
    <property name="ftp.nonProxyHosts" value="local|*.local|169.254/16|*.169.254/16"/>
    <property name="sun.cpu.isalist" value=""/>
  </properties>
  <testcase classname="com.qa.hubspot.tests.HomePageTest" name="setUp" time="2.464">
    <failure type="java.lang.NullPointerException">java.lang.NullPointerException
	at com.qa.hubspot.base.OptionsManager.getChromeOptions(OptionsManager.java:20)
	at com.qa.hubspot.base.BasePage.init_driver(BasePage.java:33)
	at com.qa.hubspot.tests.HomePageTest.setUp(HomePageTest.java:31)
</failure>
    <system-out>Configuring TestNG with: org.apache.maven.surefire.testng.conf.TestNG652Configurator@31b7dea0
Browser name is: chrome
</system-out>
    <system-err>SLF4J: Failed to load class &quot;org.slf4j.impl.StaticLoggerBinder&quot;.
SLF4J: Defaulting to no-operation (NOP) logger implementation
SLF4J: See http://www.slf4j.org/codes.html#StaticLoggerBinder for further details.
</system-err>
  </testcase>
  <testcase classname="com.qa.hubspot.tests.LoginPageTest" name="setUp" time="2.465">
    <skipped/>
  </testcase>
  <testcase classname="com.qa.hubspot.tests.ContactsPageTest" name="setUp" time="2.514">
    <skipped/>
  </testcase>
  <testcase classname="com.qa.hubspot.tests.ContactsPageTest" name="verifyContactsPageTitle" time="0.001">
    <skipped/>
  </testcase>
  <testcase classname="com.qa.hubspot.tests.ContactsPageTest" name="tearDown" time="0.002">
    <skipped/>
  </testcase>
  <testcase classname="com.qa.hubspot.tests.ContactsPageTest" name="setUp" time="2.097">
    <skipped/>
  </testcase>
  <testcase classname="com.qa.hubspot.tests.ContactsPageTest" name="createContactsTest" time="0.001">
    <skipped/>
  </testcase>
  <testcase classname="com.qa.hubspot.tests.ContactsPageTest" name="tearDown" time="0.003">
    <skipped/>
  </testcase>
  <testcase classname="com.qa.hubspot.tests.ContactsPageTest" name="setUp" time="0.003">
    <skipped/>
  </testcase>
  <testcase classname="com.qa.hubspot.tests.ContactsPageTest" name="createContactsTest" time="0">
    <skipped/>
  </testcase>
  <testcase classname="com.qa.hubspot.tests.ContactsPageTest" name="tearDown" time="0">
    <skipped/>
  </testcase>
  <testcase classname="com.qa.hubspot.tests.ContactsPageTest" name="setUp" time="0.001">
    <skipped/>
  </testcase>
  <testcase classname="com.qa.hubspot.tests.ContactsPageTest" name="createContactsTest" time="0">
    <skipped/>
  </testcase>
  <testcase classname="com.qa.hubspot.tests.ContactsPageTest" name="tearDown" time="0">
    <skipped/>
  </testcase>
  <testcase classname="com.qa.hubspot.tests.HomePageTest" name="verifyHomePageTitle" time="0">
    <skipped/>
  </testcase>
  <testcase classname="com.qa.hubspot.tests.HomePageTest" name="verifyHomePageHeaderTest" time="0">
    <skipped/>
  </testcase>
  <testcase classname="com.qa.hubspot.tests.HomePageTest" name="verifyLoggedInUserTest" time="0">
    <skipped/>
  </testcase>
  <testcase classname="com.qa.hubspot.tests.LoginPageTest" name="verifyPageTitleTest" time="0">
    <skipped/>
  </testcase>
  <testcase classname="com.qa.hubspot.tests.LoginPageTest" name="verifySignUpLink" time="0">
    <skipped/>
  </testcase>
  <testcase classname="com.qa.hubspot.tests.LoginPageTest" name="loginTest" time="0">
    <skipped/>
  </testcase>
  <testcase classname="com.qa.hubspot.tests.HomePageTest" name="tearDown" time="0.001">
    <skipped/>
  </testcase>
  <testcase classname="com.qa.hubspot.tests.LoginPageTest" name="tearDown" time="0.002">
    <skipped/>
  </testcase>
</testsuite>