<?xml version="1.0" encoding="UTF-8"?>
<!-- Generated by org.testng.reporters.JUnitReportReporter -->
<testsuite skipped="4" hostname="SebahattinsAir2.home" name="com.qa.hubspot.tests.ContactsPageTest" tests="4" failures="0" timestamp="2020-07-21T13:42:55 CDT" time="0.000" errors="0">
  <testcase name="verifyContactsPageTitle" time="0.000" classname="com.qa.hubspot.tests.ContactsPageTest">
    <skipped/>
  </testcase> <!-- verifyContactsPageTitle -->
  <testcase name="createContactsTest" time="0.000" classname="com.qa.hubspot.tests.ContactsPageTest">
    <skipped/>
  </testcase> <!-- createContactsTest -->
  <testcase name="createContactsTest" time="0.000" classname="com.qa.hubspot.tests.ContactsPageTest">
    <skipped/>
  </testcase> <!-- createContactsTest -->
  <testcase name="createContactsTest" time="0.000" classname="com.qa.hubspot.tests.ContactsPageTest">
    <skipped/>
  </testcase> <!-- createContactsTest -->
</testsuite> <!-- com.qa.hubspot.tests.ContactsPageTest -->
